[2020-10-30 00:23:34] app.ERROR: Data from PrestaShop Addons is invalid, and cannot fallback on cache.  {"exception":"cURL error 28: Resolving timed out after 5000 milliseconds"} []
[2020-10-30 00:23:34] app.INFO: Protect vendor folder in module contactform [] []
[2020-10-30 00:23:34] app.INFO: Module contactform has no vendor folder [] []
[2020-10-30 00:23:39] app.INFO: Protect vendor folder in module dashactivity [] []
[2020-10-30 00:23:39] app.INFO: Module dashactivity has no vendor folder [] []
[2020-10-30 00:23:41] app.INFO: Protect vendor folder in module dashtrends [] []
[2020-10-30 00:23:41] app.INFO: Module dashtrends has no vendor folder [] []
[2020-10-30 00:23:45] app.INFO: Protect vendor folder in module dashgoals [] []
[2020-10-30 00:23:45] app.INFO: Module dashgoals has no vendor folder [] []
[2020-10-30 00:23:48] app.INFO: Protect vendor folder in module dashproducts [] []
[2020-10-30 00:23:48] app.INFO: Module dashproducts has no vendor folder [] []
[2020-10-30 00:23:49] app.INFO: Protect vendor folder in module graphnvd3 [] []
[2020-10-30 00:23:49] app.INFO: Module graphnvd3 has no vendor folder [] []
[2020-10-30 00:23:50] app.INFO: Protect vendor folder in module gridhtml [] []
[2020-10-30 00:23:50] app.INFO: Module gridhtml has no vendor folder [] []
[2020-10-30 00:23:53] app.INFO: Protect vendor folder in module gsitemap [] []
[2020-10-30 00:23:53] app.INFO: Module gsitemap has no vendor folder [] []
[2020-10-30 00:23:55] app.INFO: Protect vendor folder in module ps_banner [] []
[2020-10-30 00:23:56] app.INFO: Module ps_banner has no vendor folder [] []
[2020-10-30 00:23:57] app.INFO: Protect vendor folder in module ps_categorytree [] []
[2020-10-30 00:23:57] app.INFO: Module ps_categorytree has no vendor folder [] []
[2020-10-30 00:24:00] app.INFO: Protect vendor folder in module ps_checkpayment [] []
[2020-10-30 00:24:00] app.INFO: Module ps_checkpayment has no vendor folder [] []
[2020-10-30 00:24:02] app.INFO: Protect vendor folder in module ps_contactinfo [] []
[2020-10-30 00:24:02] app.INFO: Module ps_contactinfo has no vendor folder [] []
[2020-10-30 00:24:04] app.INFO: Protect vendor folder in module ps_currencyselector [] []
[2020-10-30 00:24:04] app.INFO: Module ps_currencyselector has no vendor folder [] []
[2020-10-30 00:24:06] app.INFO: Protect vendor folder in module ps_customeraccountlinks [] []
[2020-10-30 00:24:06] app.INFO: Module ps_customeraccountlinks has no vendor folder [] []
[2020-10-30 00:24:07] app.INFO: Protect vendor folder in module ps_customersignin [] []
[2020-10-30 00:24:07] app.INFO: Module ps_customersignin has no vendor folder [] []
[2020-10-30 00:24:10] app.INFO: Protect vendor folder in module ps_customtext [] []
[2020-10-30 00:24:11] app.INFO: Module ps_customtext has no vendor folder [] []
[2020-10-30 00:24:15] app.INFO: Protect vendor folder in module ps_emailsubscription [] []
[2020-10-30 00:24:15] app.INFO: Module ps_emailsubscription has no vendor folder [] []
[2020-10-30 00:24:29] app.INFO: Protect vendor folder in module ps_facetedsearch [] []
[2020-10-30 00:24:29] app.INFO: Module ps_facetedsearch has no vendor folder [] []
[2020-10-30 00:24:31] app.INFO: Protect vendor folder in module ps_faviconnotificationbo [] []
[2020-10-30 00:24:31] app.INFO: Module ps_faviconnotificationbo has no vendor folder [] []
[2020-10-30 00:24:33] app.INFO: Protect vendor folder in module ps_featuredproducts [] []
[2020-10-30 00:24:33] app.INFO: Module ps_featuredproducts has no vendor folder [] []
[2020-10-30 00:24:39] app.INFO: Protect vendor folder in module ps_imageslider [] []
[2020-10-30 00:24:39] app.INFO: Module ps_imageslider has no vendor folder [] []
[2020-10-30 00:24:39] app.INFO: Protect vendor folder in module ps_languageselector [] []
[2020-10-30 00:24:40] app.INFO: Module ps_languageselector has no vendor folder [] []
[2020-10-30 00:24:43] app.INFO: Protect vendor folder in module ps_linklist [] []
[2020-10-30 00:24:43] app.INFO: Module ps_linklist has no vendor folder [] []
[2020-10-30 00:24:43] app.ERROR: Class "AdminLinkWidgetController" not found in controllers/admin [] []
[2020-10-30 00:24:49] app.INFO: Protect vendor folder in module ps_mainmenu [] []
[2020-10-30 00:24:49] app.INFO: Module ps_mainmenu has no vendor folder [] []
[2020-10-30 00:24:51] app.INFO: Protect vendor folder in module ps_searchbar [] []
[2020-10-30 00:24:51] app.INFO: Module ps_searchbar has no vendor folder [] []
[2020-10-30 00:24:52] app.INFO: Protect vendor folder in module ps_sharebuttons [] []
[2020-10-30 00:24:52] app.INFO: Module ps_sharebuttons has no vendor folder [] []
[2020-10-30 00:24:54] app.INFO: Protect vendor folder in module ps_shoppingcart [] []
[2020-10-30 00:24:54] app.INFO: Module ps_shoppingcart has no vendor folder [] []
[2020-10-30 00:24:57] app.INFO: Protect vendor folder in module ps_socialfollow [] []
[2020-10-30 00:24:57] app.INFO: Module ps_socialfollow has no vendor folder [] []
[2020-10-30 00:25:01] app.INFO: Protect vendor folder in module ps_themecusto [] []
[2020-10-30 00:25:01] app.INFO: Module ps_themecusto has no vendor folder [] []
[2020-10-30 00:25:05] app.INFO: Protect vendor folder in module ps_wirepayment [] []
[2020-10-30 00:25:05] app.INFO: Module ps_wirepayment has no vendor folder [] []
[2020-10-30 00:25:07] app.INFO: Protect vendor folder in module pagesnotfound [] []
[2020-10-30 00:25:07] app.INFO: Module pagesnotfound has no vendor folder [] []
[2020-10-30 00:25:09] app.INFO: Protect vendor folder in module sekeywords [] []
[2020-10-30 00:25:10] app.INFO: Module sekeywords has no vendor folder [] []
[2020-10-30 00:25:12] app.INFO: Protect vendor folder in module statsbestcategories [] []
[2020-10-30 00:25:12] app.INFO: Module statsbestcategories has no vendor folder [] []
[2020-10-30 00:25:14] app.INFO: Protect vendor folder in module statsbestcustomers [] []
[2020-10-30 00:25:14] app.INFO: Module statsbestcustomers has no vendor folder [] []
[2020-10-30 00:25:16] app.INFO: Protect vendor folder in module statsbestproducts [] []
[2020-10-30 00:25:16] app.INFO: Module statsbestproducts has no vendor folder [] []
[2020-10-30 00:25:17] app.INFO: Protect vendor folder in module statsbestsuppliers [] []
[2020-10-30 00:25:17] app.INFO: Module statsbestsuppliers has no vendor folder [] []
[2020-10-30 00:25:18] app.INFO: Protect vendor folder in module statsbestvouchers [] []
[2020-10-30 00:25:18] app.INFO: Module statsbestvouchers has no vendor folder [] []
[2020-10-30 00:25:20] app.INFO: Protect vendor folder in module statscarrier [] []
[2020-10-30 00:25:20] app.INFO: Module statscarrier has no vendor folder [] []
[2020-10-30 00:25:22] app.INFO: Protect vendor folder in module statscatalog [] []
[2020-10-30 00:25:22] app.INFO: Module statscatalog has no vendor folder [] []
[2020-10-30 00:25:23] app.INFO: Protect vendor folder in module statscheckup [] []
[2020-10-30 00:25:24] app.INFO: Module statscheckup has no vendor folder [] []
[2020-10-30 00:25:26] app.INFO: Protect vendor folder in module statsdata [] []
[2020-10-30 00:25:26] app.INFO: Module statsdata has no vendor folder [] []
[2020-10-30 00:25:27] app.INFO: Protect vendor folder in module statsequipment [] []
[2020-10-30 00:25:27] app.INFO: Module statsequipment has no vendor folder [] []
[2020-10-30 00:25:29] app.INFO: Protect vendor folder in module statsforecast [] []
[2020-10-30 00:25:29] app.INFO: Module statsforecast has no vendor folder [] []
[2020-10-30 00:25:30] app.INFO: Protect vendor folder in module statslive [] []
[2020-10-30 00:25:30] app.INFO: Module statslive has no vendor folder [] []
[2020-10-30 00:25:32] app.INFO: Protect vendor folder in module statsnewsletter [] []
[2020-10-30 00:25:32] app.INFO: Module statsnewsletter has no vendor folder [] []
[2020-10-30 00:25:34] app.INFO: Protect vendor folder in module statsorigin [] []
[2020-10-30 00:25:34] app.INFO: Module statsorigin has no vendor folder [] []
[2020-10-30 00:25:35] app.INFO: Protect vendor folder in module statspersonalinfos [] []
[2020-10-30 00:25:36] app.INFO: Module statspersonalinfos has no vendor folder [] []
[2020-10-30 00:25:37] app.INFO: Protect vendor folder in module statsproduct [] []
[2020-10-30 00:25:37] app.INFO: Module statsproduct has no vendor folder [] []
[2020-10-30 00:25:38] app.INFO: Protect vendor folder in module statsregistrations [] []
[2020-10-30 00:25:38] app.INFO: Module statsregistrations has no vendor folder [] []
[2020-10-30 00:25:39] app.INFO: Protect vendor folder in module statssales [] []
[2020-10-30 00:25:39] app.INFO: Module statssales has no vendor folder [] []
[2020-10-30 00:25:42] app.INFO: Protect vendor folder in module statssearch [] []
[2020-10-30 00:25:42] app.INFO: Module statssearch has no vendor folder [] []
[2020-10-30 00:25:43] app.INFO: Protect vendor folder in module statsstock [] []
[2020-10-30 00:25:43] app.INFO: Module statsstock has no vendor folder [] []
[2020-10-30 00:25:45] app.INFO: Protect vendor folder in module statsvisits [] []
[2020-10-30 00:25:45] app.INFO: Module statsvisits has no vendor folder [] []
[2020-10-30 00:25:47] app.INFO: Protect vendor folder in module welcome [] []
[2020-10-30 00:26:06] app.INFO: Exporting mail with theme modern for language Español (Spanish) [] []
[2020-10-30 00:26:06] app.INFO: Core output folder: /var/www/prestashop/mails [] []
[2020-10-30 00:26:06] app.INFO: Modules output folder: /var/www/prestashop/modules/ [] []
[2020-10-30 18:03:38] request.ERROR: Uncaught PHP Exception Symfony\Component\HttpKernel\Exception\MethodNotAllowedHttpException: "No route found for "GET /improve/design/themes/classic-rocket/enable": Method Not Allowed (Allow: POST)" at /var/www/prestashop/vendor/symfony/symfony/src/Symfony/Component/HttpKernel/EventListener/RouterListener.php line 143 {"exception":"[object] (Symfony\\Component\\HttpKernel\\Exception\\MethodNotAllowedHttpException(code: 0): No route found for \"GET /improve/design/themes/classic-rocket/enable\": Method Not Allowed (Allow: POST) at /var/www/prestashop/vendor/symfony/symfony/src/Symfony/Component/HttpKernel/EventListener/RouterListener.php:143, Symfony\\Component\\Routing\\Exception\\MethodNotAllowedException(code: 0):  at /var/www/prestashop/var/cache/prod/appProdProjectContainerUrlMatcher.php:4775)"} []
[2020-10-30 18:03:45] request.ERROR: Uncaught PHP Exception Symfony\Component\HttpKernel\Exception\MethodNotAllowedHttpException: "No route found for "GET /improve/design/themes/classic-rocket/enable": Method Not Allowed (Allow: POST)" at /var/www/prestashop/vendor/symfony/symfony/src/Symfony/Component/HttpKernel/EventListener/RouterListener.php line 143 {"exception":"[object] (Symfony\\Component\\HttpKernel\\Exception\\MethodNotAllowedHttpException(code: 0): No route found for \"GET /improve/design/themes/classic-rocket/enable\": Method Not Allowed (Allow: POST) at /var/www/prestashop/vendor/symfony/symfony/src/Symfony/Component/HttpKernel/EventListener/RouterListener.php:143, Symfony\\Component\\Routing\\Exception\\MethodNotAllowedException(code: 0):  at /var/www/prestashop/var/cache/prod/appProdProjectContainerUrlMatcher.php:4775)"} []
[2020-10-30 18:03:46] request.ERROR: Uncaught PHP Exception Symfony\Component\HttpKernel\Exception\MethodNotAllowedHttpException: "No route found for "GET /improve/design/themes/classic-rocket/enable": Method Not Allowed (Allow: POST)" at /var/www/prestashop/vendor/symfony/symfony/src/Symfony/Component/HttpKernel/EventListener/RouterListener.php line 143 {"exception":"[object] (Symfony\\Component\\HttpKernel\\Exception\\MethodNotAllowedHttpException(code: 0): No route found for \"GET /improve/design/themes/classic-rocket/enable\": Method Not Allowed (Allow: POST) at /var/www/prestashop/vendor/symfony/symfony/src/Symfony/Component/HttpKernel/EventListener/RouterListener.php:143, Symfony\\Component\\Routing\\Exception\\MethodNotAllowedException(code: 0):  at /var/www/prestashop/var/cache/prod/appProdProjectContainerUrlMatcher.php:4775)"} []
[2020-10-30 18:03:46] request.ERROR: Uncaught PHP Exception Symfony\Component\HttpKernel\Exception\MethodNotAllowedHttpException: "No route found for "GET /improve/design/themes/classic-rocket/enable": Method Not Allowed (Allow: POST)" at /var/www/prestashop/vendor/symfony/symfony/src/Symfony/Component/HttpKernel/EventListener/RouterListener.php line 143 {"exception":"[object] (Symfony\\Component\\HttpKernel\\Exception\\MethodNotAllowedHttpException(code: 0): No route found for \"GET /improve/design/themes/classic-rocket/enable\": Method Not Allowed (Allow: POST) at /var/www/prestashop/vendor/symfony/symfony/src/Symfony/Component/HttpKernel/EventListener/RouterListener.php:143, Symfony\\Component\\Routing\\Exception\\MethodNotAllowedException(code: 0):  at /var/www/prestashop/var/cache/prod/appProdProjectContainerUrlMatcher.php:4775)"} []
[2020-10-30 18:03:47] request.ERROR: Uncaught PHP Exception Symfony\Component\HttpKernel\Exception\MethodNotAllowedHttpException: "No route found for "GET /improve/design/themes/classic-rocket/enable": Method Not Allowed (Allow: POST)" at /var/www/prestashop/vendor/symfony/symfony/src/Symfony/Component/HttpKernel/EventListener/RouterListener.php line 143 {"exception":"[object] (Symfony\\Component\\HttpKernel\\Exception\\MethodNotAllowedHttpException(code: 0): No route found for \"GET /improve/design/themes/classic-rocket/enable\": Method Not Allowed (Allow: POST) at /var/www/prestashop/vendor/symfony/symfony/src/Symfony/Component/HttpKernel/EventListener/RouterListener.php:143, Symfony\\Component\\Routing\\Exception\\MethodNotAllowedException(code: 0):  at /var/www/prestashop/var/cache/prod/appProdProjectContainerUrlMatcher.php:4775)"} []
[2020-10-30 18:03:47] request.ERROR: Uncaught PHP Exception Symfony\Component\HttpKernel\Exception\MethodNotAllowedHttpException: "No route found for "GET /improve/design/themes/classic-rocket/enable": Method Not Allowed (Allow: POST)" at /var/www/prestashop/vendor/symfony/symfony/src/Symfony/Component/HttpKernel/EventListener/RouterListener.php line 143 {"exception":"[object] (Symfony\\Component\\HttpKernel\\Exception\\MethodNotAllowedHttpException(code: 0): No route found for \"GET /improve/design/themes/classic-rocket/enable\": Method Not Allowed (Allow: POST) at /var/www/prestashop/vendor/symfony/symfony/src/Symfony/Component/HttpKernel/EventListener/RouterListener.php:143, Symfony\\Component\\Routing\\Exception\\MethodNotAllowedException(code: 0):  at /var/www/prestashop/var/cache/prod/appProdProjectContainerUrlMatcher.php:4775)"} []
[2020-10-30 18:03:47] request.ERROR: Uncaught PHP Exception Symfony\Component\HttpKernel\Exception\MethodNotAllowedHttpException: "No route found for "GET /improve/design/themes/classic-rocket/enable": Method Not Allowed (Allow: POST)" at /var/www/prestashop/vendor/symfony/symfony/src/Symfony/Component/HttpKernel/EventListener/RouterListener.php line 143 {"exception":"[object] (Symfony\\Component\\HttpKernel\\Exception\\MethodNotAllowedHttpException(code: 0): No route found for \"GET /improve/design/themes/classic-rocket/enable\": Method Not Allowed (Allow: POST) at /var/www/prestashop/vendor/symfony/symfony/src/Symfony/Component/HttpKernel/EventListener/RouterListener.php:143, Symfony\\Component\\Routing\\Exception\\MethodNotAllowedException(code: 0):  at /var/www/prestashop/var/cache/prod/appProdProjectContainerUrlMatcher.php:4775)"} []
[2020-10-30 18:03:47] request.ERROR: Uncaught PHP Exception Symfony\Component\HttpKernel\Exception\MethodNotAllowedHttpException: "No route found for "GET /improve/design/themes/classic-rocket/enable": Method Not Allowed (Allow: POST)" at /var/www/prestashop/vendor/symfony/symfony/src/Symfony/Component/HttpKernel/EventListener/RouterListener.php line 143 {"exception":"[object] (Symfony\\Component\\HttpKernel\\Exception\\MethodNotAllowedHttpException(code: 0): No route found for \"GET /improve/design/themes/classic-rocket/enable\": Method Not Allowed (Allow: POST) at /var/www/prestashop/vendor/symfony/symfony/src/Symfony/Component/HttpKernel/EventListener/RouterListener.php:143, Symfony\\Component\\Routing\\Exception\\MethodNotAllowedException(code: 0):  at /var/www/prestashop/var/cache/prod/appProdProjectContainerUrlMatcher.php:4775)"} []
[2020-10-30 18:03:48] request.ERROR: Uncaught PHP Exception Symfony\Component\HttpKernel\Exception\MethodNotAllowedHttpException: "No route found for "GET /improve/design/themes/classic-rocket/enable": Method Not Allowed (Allow: POST)" at /var/www/prestashop/vendor/symfony/symfony/src/Symfony/Component/HttpKernel/EventListener/RouterListener.php line 143 {"exception":"[object] (Symfony\\Component\\HttpKernel\\Exception\\MethodNotAllowedHttpException(code: 0): No route found for \"GET /improve/design/themes/classic-rocket/enable\": Method Not Allowed (Allow: POST) at /var/www/prestashop/vendor/symfony/symfony/src/Symfony/Component/HttpKernel/EventListener/RouterListener.php:143, Symfony\\Component\\Routing\\Exception\\MethodNotAllowedException(code: 0):  at /var/www/prestashop/var/cache/prod/appProdProjectContainerUrlMatcher.php:4775)"} []
[2020-10-30 18:03:48] request.ERROR: Uncaught PHP Exception Symfony\Component\HttpKernel\Exception\MethodNotAllowedHttpException: "No route found for "GET /improve/design/themes/classic-rocket/enable": Method Not Allowed (Allow: POST)" at /var/www/prestashop/vendor/symfony/symfony/src/Symfony/Component/HttpKernel/EventListener/RouterListener.php line 143 {"exception":"[object] (Symfony\\Component\\HttpKernel\\Exception\\MethodNotAllowedHttpException(code: 0): No route found for \"GET /improve/design/themes/classic-rocket/enable\": Method Not Allowed (Allow: POST) at /var/www/prestashop/vendor/symfony/symfony/src/Symfony/Component/HttpKernel/EventListener/RouterListener.php:143, Symfony\\Component\\Routing\\Exception\\MethodNotAllowedException(code: 0):  at /var/www/prestashop/var/cache/prod/appProdProjectContainerUrlMatcher.php:4775)"} []
[2020-10-30 18:03:48] request.ERROR: Uncaught PHP Exception Symfony\Component\HttpKernel\Exception\MethodNotAllowedHttpException: "No route found for "GET /improve/design/themes/classic-rocket/enable": Method Not Allowed (Allow: POST)" at /var/www/prestashop/vendor/symfony/symfony/src/Symfony/Component/HttpKernel/EventListener/RouterListener.php line 143 {"exception":"[object] (Symfony\\Component\\HttpKernel\\Exception\\MethodNotAllowedHttpException(code: 0): No route found for \"GET /improve/design/themes/classic-rocket/enable\": Method Not Allowed (Allow: POST) at /var/www/prestashop/vendor/symfony/symfony/src/Symfony/Component/HttpKernel/EventListener/RouterListener.php:143, Symfony\\Component\\Routing\\Exception\\MethodNotAllowedException(code: 0):  at /var/www/prestashop/var/cache/prod/appProdProjectContainerUrlMatcher.php:4775)"} []
[2020-10-30 18:40:25] request.INFO: Matched route "admin_module_manage_action". {"route":"admin_module_manage_action","route_parameters":{"_controller":"PrestaShopBundle\\Controller\\Admin\\Improve\\ModuleController::moduleAction","action":"upgrade","module_name":"welcome","_route":"admin_module_manage_action"},"request_uri":"http://localhost:8080/prestashop/admin786axrsou/index.php/improve/modules/manage/action/upgrade/welcome?_token=axka3U7xSVLbpCqohYOcnEsbgNGAS8lxmLcEWsEnBPc","method":"POST"} []
[2020-10-30 18:40:25] security.DEBUG: Read existing security token from the session. {"key":"_security_main","token_class":"Symfony\\Component\\Security\\Core\\Authentication\\Token\\UsernamePasswordToken"} []
[2020-10-30 18:40:25] security.DEBUG: User was reloaded from a user provider. {"provider":"PrestaShopBundle\\Security\\Admin\\EmployeeProvider","username":"ingabenitez04@gmail.com"} []
[2020-10-30 18:40:30] app.ERROR: Excepción emitida por el módulo welcome en upgrade. Error sent by Addons. You may need to be logged. [] []
[2020-10-30 18:40:30] security.DEBUG: Stored the security token in the session. {"key":"_security_main"} []
[2020-10-30 18:41:28] request.INFO: Matched route "admin_module_manage". {"route":"admin_module_manage","route_parameters":{"category":null,"keyword":null,"_controller":"PrestaShopBundle\\Controller\\Admin\\Improve\\ModuleController::manageAction","_legacy_controller":"AdminModulesManage","_legacy_link":["AdminModulesManage","AdminModulesSf"],"_route":"admin_module_manage"},"request_uri":"http://localhost:8080/prestashop/admin786axrsou/index.php/improve/modules/manage?_token=axka3U7xSVLbpCqohYOcnEsbgNGAS8lxmLcEWsEnBPc","method":"GET"} []
[2020-10-30 18:41:28] security.DEBUG: Read existing security token from the session. {"key":"_security_main","token_class":"Symfony\\Component\\Security\\Core\\Authentication\\Token\\UsernamePasswordToken"} []
[2020-10-30 18:41:28] security.DEBUG: User was reloaded from a user provider. {"provider":"PrestaShopBundle\\Security\\Admin\\EmployeeProvider","username":"ingabenitez04@gmail.com"} []
[2020-10-30 18:41:33] app.ERROR: Data from PrestaShop Addons is invalid, and cannot fallback on cache.  {"exception":"cURL error 28: Operation timed out after 5000 milliseconds with 337484 bytes received"} []
[2020-10-30 18:41:34] security.DEBUG: Stored the security token in the session. {"key":"_security_main"} []
[2020-10-30 18:41:28] request.INFO: Matched route "admin_module_notification". {"route":"admin_module_notification","route_parameters":{"_controller":"PrestaShopBundle\\Controller\\Admin\\Improve\\Modules\\AlertsController::indexAction","_legacy_controller":"AdminModulesNotifications","_legacy_link":"AdminModulesNotifications","_route":"admin_module_notification"},"request_uri":"http://localhost:8080/prestashop/admin786axrsou/index.php/improve/modules/alerts?_token=axka3U7xSVLbpCqohYOcnEsbgNGAS8lxmLcEWsEnBPc","method":"GET"} []
[2020-10-30 18:41:34] security.DEBUG: Read existing security token from the session. {"key":"_security_main","token_class":"Symfony\\Component\\Security\\Core\\Authentication\\Token\\UsernamePasswordToken"} []
[2020-10-30 18:41:34] security.DEBUG: User was reloaded from a user provider. {"provider":"PrestaShopBundle\\Security\\Admin\\EmployeeProvider","username":"ingabenitez04@gmail.com"} []
[2020-10-30 18:41:39] app.ERROR: Data from PrestaShop Addons is invalid, and cannot fallback on cache.  {"exception":"cURL error 28: Operation timed out after 5000 milliseconds with 677722 bytes received"} []
[2020-10-30 18:41:40] security.DEBUG: Stored the security token in the session. {"key":"_security_main"} []
[2020-10-30 18:41:40] request.INFO: Matched route "admin_module_notification_count". {"route":"admin_module_notification_count","route_parameters":{"_controller":"PrestaShopBundle\\Controller\\Admin\\Improve\\Modules\\AlertsController::notificationsCountAction","_legacy_controller":"AdminModulesNotifications","_legacy_link":"AdminModulesNotifications:count","_route":"admin_module_notification_count"},"request_uri":"http://localhost:8080/prestashop/admin786axrsou/index.php/improve/modules/alerts/count?_token=axka3U7xSVLbpCqohYOcnEsbgNGAS8lxmLcEWsEnBPc","method":"GET"} []
[2020-10-30 18:41:40] security.DEBUG: Read existing security token from the session. {"key":"_security_main","token_class":"Symfony\\Component\\Security\\Core\\Authentication\\Token\\UsernamePasswordToken"} []
[2020-10-30 18:41:40] security.DEBUG: User was reloaded from a user provider. {"provider":"PrestaShopBundle\\Security\\Admin\\EmployeeProvider","username":"ingabenitez04@gmail.com"} []
[2020-10-30 18:41:45] app.ERROR: Data from PrestaShop Addons is invalid, and cannot fallback on cache.  {"exception":"cURL error 28: Operation timed out after 5000 milliseconds with 186220 bytes received"} []
[2020-10-30 18:41:45] security.DEBUG: Stored the security token in the session. {"key":"_security_main"} []
[2020-10-30 18:42:46] request.INFO: Matched route "admin_module_updates". {"route":"admin_module_updates","route_parameters":{"_controller":"PrestaShopBundle\\Controller\\Admin\\Improve\\Modules\\UpdatesController::indexAction","_legacy_controller":"AdminModulesUpdates","_legacy_link":"AdminModulesUpdates","_route":"admin_module_updates"},"request_uri":"http://localhost:8080/prestashop/admin786axrsou/index.php/improve/modules/updates?_token=axka3U7xSVLbpCqohYOcnEsbgNGAS8lxmLcEWsEnBPc","method":"GET"} []
[2020-10-30 18:42:46] security.DEBUG: Read existing security token from the session. {"key":"_security_main","token_class":"Symfony\\Component\\Security\\Core\\Authentication\\Token\\UsernamePasswordToken"} []
[2020-10-30 18:42:46] security.DEBUG: User was reloaded from a user provider. {"provider":"PrestaShopBundle\\Security\\Admin\\EmployeeProvider","username":"ingabenitez04@gmail.com"} []
[2020-10-30 18:42:51] app.ERROR: Data from PrestaShop Addons is invalid, and cannot fallback on cache.  {"exception":"cURL error 28: Operation timed out after 5000 milliseconds with 161948 bytes received"} []
[2020-10-30 18:42:51] security.DEBUG: Stored the security token in the session. {"key":"_security_main"} []
[2020-10-30 18:43:19] request.INFO: Matched route "admin_module_manage_action". {"route":"admin_module_manage_action","route_parameters":{"_controller":"PrestaShopBundle\\Controller\\Admin\\Improve\\ModuleController::moduleAction","action":"upgrade","module_name":"ps_facetedsearch","_route":"admin_module_manage_action"},"request_uri":"http://localhost:8080/prestashop/admin786axrsou/index.php/improve/modules/manage/action/upgrade/ps_facetedsearch?_token=axka3U7xSVLbpCqohYOcnEsbgNGAS8lxmLcEWsEnBPc","method":"POST"} []
[2020-10-30 18:43:25] security.DEBUG: Read existing security token from the session. {"key":"_security_main","token_class":"Symfony\\Component\\Security\\Core\\Authentication\\Token\\UsernamePasswordToken"} []
[2020-10-30 18:43:25] security.DEBUG: User was reloaded from a user provider. {"provider":"PrestaShopBundle\\Security\\Admin\\EmployeeProvider","username":"ingabenitez04@gmail.com"} []
[2020-10-30 18:43:30] app.ERROR: Excepción emitida por el módulo ps_facetedsearch en upgrade. Error sent by Addons. You may need to be logged. [] []
[2020-10-30 18:43:30] security.DEBUG: Stored the security token in the session. {"key":"_security_main"} []
[2020-10-30 18:43:19] request.INFO: Matched route "admin_module_manage_action". {"route":"admin_module_manage_action","route_parameters":{"_controller":"PrestaShopBundle\\Controller\\Admin\\Improve\\ModuleController::moduleAction","action":"upgrade","module_name":"welcome","_route":"admin_module_manage_action"},"request_uri":"http://localhost:8080/prestashop/admin786axrsou/index.php/improve/modules/manage/action/upgrade/welcome?_token=axka3U7xSVLbpCqohYOcnEsbgNGAS8lxmLcEWsEnBPc","method":"POST"} []
[2020-10-30 18:43:30] security.DEBUG: Read existing security token from the session. {"key":"_security_main","token_class":"Symfony\\Component\\Security\\Core\\Authentication\\Token\\UsernamePasswordToken"} []
[2020-10-30 18:43:30] security.DEBUG: User was reloaded from a user provider. {"provider":"PrestaShopBundle\\Security\\Admin\\EmployeeProvider","username":"ingabenitez04@gmail.com"} []
[2020-10-30 18:43:35] app.ERROR: Excepción emitida por el módulo welcome en upgrade. Error sent by Addons. You may need to be logged. [] []
[2020-10-30 18:43:35] security.DEBUG: Stored the security token in the session. {"key":"_security_main"} []
[2020-10-30 18:43:41] request.INFO: Matched route "admin_module_manage_action". {"route":"admin_module_manage_action","route_parameters":{"_controller":"PrestaShopBundle\\Controller\\Admin\\Improve\\ModuleController::moduleAction","action":"upgrade","module_name":"welcome","_route":"admin_module_manage_action"},"request_uri":"http://localhost:8080/prestashop/admin786axrsou/index.php/improve/modules/manage/action/upgrade/welcome?_token=axka3U7xSVLbpCqohYOcnEsbgNGAS8lxmLcEWsEnBPc","method":"POST"} []
[2020-10-30 18:43:42] security.DEBUG: Read existing security token from the session. {"key":"_security_main","token_class":"Symfony\\Component\\Security\\Core\\Authentication\\Token\\UsernamePasswordToken"} []
[2020-10-30 18:43:42] security.DEBUG: User was reloaded from a user provider. {"provider":"PrestaShopBundle\\Security\\Admin\\EmployeeProvider","username":"ingabenitez04@gmail.com"} []
[2020-10-30 18:43:50] app.ERROR: Data from PrestaShop Addons is invalid, and cannot fallback on cache.  {"exception":"cURL error 28: Operation timed out after 5000 milliseconds with 374060 bytes received"} []
[2020-10-30 18:43:51] request.CRITICAL: Uncaught PHP Exception Symfony\Component\Debug\Exception\FatalErrorException: "Compile Error: require(): Failed opening required '/var/www/prestashop/var/cache/prod/ContainerBewrzgc/getRouting_LoaderService.php' (include_path='/var/www/prestashop/vendor/pear/pear_exception:/var/www/prestashop/vendor/pear/console_getopt:/var/www/prestashop/vendor/pear/pear-core-minimal/src:/var/www/prestashop/vendor/pear/archive_tar:.:/usr/share/php')" at /var/www/prestashop/var/cache/prod/ContainerBewrzgc/appProdProjectContainer.php line 1647 {"exception":"[object] (Symfony\\Component\\Debug\\Exception\\FatalErrorException(code: 0): Compile Error: require(): Failed opening required '/var/www/prestashop/var/cache/prod/ContainerBewrzgc/getRouting_LoaderService.php' (include_path='/var/www/prestashop/vendor/pear/pear_exception:/var/www/prestashop/vendor/pear/console_getopt:/var/www/prestashop/vendor/pear/pear-core-minimal/src:/var/www/prestashop/vendor/pear/archive_tar:.:/usr/share/php') at /var/www/prestashop/var/cache/prod/ContainerBewrzgc/appProdProjectContainer.php:1647)"} []
[2020-10-30 18:44:18] request.INFO: Matched route "admin_module_notification". {"route":"admin_module_notification","route_parameters":{"_controller":"PrestaShopBundle\\Controller\\Admin\\Improve\\Modules\\AlertsController::indexAction","_legacy_controller":"AdminModulesNotifications","_legacy_link":"AdminModulesNotifications","_route":"admin_module_notification"},"request_uri":"http://localhost:8080/prestashop/admin786axrsou/index.php/improve/modules/alerts?_token=axka3U7xSVLbpCqohYOcnEsbgNGAS8lxmLcEWsEnBPc","method":"GET"} []
[2020-10-30 18:44:18] security.DEBUG: Read existing security token from the session. {"key":"_security_main","token_class":"Symfony\\Component\\Security\\Core\\Authentication\\Token\\UsernamePasswordToken"} []
[2020-10-30 18:44:18] security.DEBUG: User was reloaded from a user provider. {"provider":"PrestaShopBundle\\Security\\Admin\\EmployeeProvider","username":"ingabenitez04@gmail.com"} []
[2020-10-30 18:44:23] app.ERROR: Data from PrestaShop Addons is invalid, and cannot fallback on cache.  {"exception":"cURL error 28: Operation timed out after 5000 milliseconds with 825178 bytes received"} []
[2020-10-30 18:44:24] security.DEBUG: Stored the security token in the session. {"key":"_security_main"} []
[2020-10-30 18:44:24] request.INFO: Matched route "admin_module_notification_count". {"route":"admin_module_notification_count","route_parameters":{"_controller":"PrestaShopBundle\\Controller\\Admin\\Improve\\Modules\\AlertsController::notificationsCountAction","_legacy_controller":"AdminModulesNotifications","_legacy_link":"AdminModulesNotifications:count","_route":"admin_module_notification_count"},"request_uri":"http://localhost:8080/prestashop/admin786axrsou/index.php/improve/modules/alerts/count?_token=axka3U7xSVLbpCqohYOcnEsbgNGAS8lxmLcEWsEnBPc","method":"GET"} []
[2020-10-30 18:44:24] security.DEBUG: Read existing security token from the session. {"key":"_security_main","token_class":"Symfony\\Component\\Security\\Core\\Authentication\\Token\\UsernamePasswordToken"} []
[2020-10-30 18:44:24] security.DEBUG: User was reloaded from a user provider. {"provider":"PrestaShopBundle\\Security\\Admin\\EmployeeProvider","username":"ingabenitez04@gmail.com"} []
[2020-10-30 18:44:29] app.ERROR: Data from PrestaShop Addons is invalid, and cannot fallback on cache.  {"exception":"cURL error 28: Operation timed out after 5000 milliseconds with 384276 bytes received"} []
[2020-10-30 18:44:29] security.DEBUG: Stored the security token in the session. {"key":"_security_main"} []
[2020-10-30 18:47:05] request.INFO: Matched route "admin_module_manage". {"route":"admin_module_manage","route_parameters":{"category":null,"keyword":null,"_controller":"PrestaShopBundle\\Controller\\Admin\\Improve\\ModuleController::manageAction","_legacy_controller":"AdminModulesManage","_legacy_link":["AdminModulesManage","AdminModulesSf"],"_route":"admin_module_manage"},"request_uri":"http://localhost:8080/prestashop/admin786axrsou/index.php/improve/modules/manage?_token=axka3U7xSVLbpCqohYOcnEsbgNGAS8lxmLcEWsEnBPc","method":"GET"} []
[2020-10-30 18:47:05] security.DEBUG: Read existing security token from the session. {"key":"_security_main","token_class":"Symfony\\Component\\Security\\Core\\Authentication\\Token\\UsernamePasswordToken"} []
[2020-10-30 18:47:05] security.DEBUG: User was reloaded from a user provider. {"provider":"PrestaShopBundle\\Security\\Admin\\EmployeeProvider","username":"ingabenitez04@gmail.com"} []
[2020-10-30 18:47:10] app.ERROR: Data from PrestaShop Addons is invalid, and cannot fallback on cache.  {"exception":"cURL error 28: Operation timed out after 5000 milliseconds with 315844 bytes received"} []
[2020-10-30 18:47:11] security.DEBUG: Stored the security token in the session. {"key":"_security_main"} []
[2020-10-30 18:47:11] request.INFO: Matched route "admin_module_notification_count". {"route":"admin_module_notification_count","route_parameters":{"_controller":"PrestaShopBundle\\Controller\\Admin\\Improve\\Modules\\AlertsController::notificationsCountAction","_legacy_controller":"AdminModulesNotifications","_legacy_link":"AdminModulesNotifications:count","_route":"admin_module_notification_count"},"request_uri":"http://localhost:8080/prestashop/admin786axrsou/index.php/improve/modules/alerts/count?_token=axka3U7xSVLbpCqohYOcnEsbgNGAS8lxmLcEWsEnBPc","method":"GET"} []
[2020-10-30 18:47:11] security.DEBUG: Read existing security token from the session. {"key":"_security_main","token_class":"Symfony\\Component\\Security\\Core\\Authentication\\Token\\UsernamePasswordToken"} []
[2020-10-30 18:47:11] security.DEBUG: User was reloaded from a user provider. {"provider":"PrestaShopBundle\\Security\\Admin\\EmployeeProvider","username":"ingabenitez04@gmail.com"} []
[2020-10-30 18:47:16] app.ERROR: Data from PrestaShop Addons is invalid, and cannot fallback on cache.  {"exception":"cURL error 28: Operation timed out after 5000 milliseconds with 111925 bytes received"} []
[2020-10-30 18:47:16] security.DEBUG: Stored the security token in the session. {"key":"_security_main"} []
[2020-10-30 19:05:54] request.INFO: Matched route "admin_module_updates". {"route":"admin_module_updates","route_parameters":{"_controller":"PrestaShopBundle\\Controller\\Admin\\Improve\\Modules\\UpdatesController::indexAction","_legacy_controller":"AdminModulesUpdates","_legacy_link":"AdminModulesUpdates","_route":"admin_module_updates"},"request_uri":"http://localhost:8080/prestashop/admin786axrsou/index.php/improve/modules/updates?_token=axka3U7xSVLbpCqohYOcnEsbgNGAS8lxmLcEWsEnBPc","method":"GET"} []
[2020-10-30 19:05:54] security.DEBUG: Read existing security token from the session. {"key":"_security_main","token_class":"Symfony\\Component\\Security\\Core\\Authentication\\Token\\UsernamePasswordToken"} []
[2020-10-30 19:05:54] security.DEBUG: User was reloaded from a user provider. {"provider":"PrestaShopBundle\\Security\\Admin\\EmployeeProvider","username":"ingabenitez04@gmail.com"} []
[2020-10-30 19:05:59] app.ERROR: Data from PrestaShop Addons is invalid, and cannot fallback on cache.  {"exception":"cURL error 28: Operation timed out after 5000 milliseconds with 546659 bytes received"} []
[2020-10-30 19:54:30] request.INFO: Matched route "admin_module_configure_action". {"route":"admin_module_configure_action","route_parameters":{"_controller":"PrestaShopBundle\\Controller\\Admin\\Improve\\ModuleController::configureModuleAction","_legacy_controller":"AdminModules","module_name":"Welcome2","_route":"admin_module_configure_action"},"request_uri":"http://localhost:8080/prestashop/admin786axrsou/index.php/improve/modules/manage/action/configure/Welcome2?_token=axka3U7xSVLbpCqohYOcnEsbgNGAS8lxmLcEWsEnBPc","method":"GET"} []
[2020-10-30 19:54:30] security.DEBUG: Read existing security token from the session. {"key":"_security_main","token_class":"Symfony\\Component\\Security\\Core\\Authentication\\Token\\UsernamePasswordToken"} []
[2020-10-30 19:54:30] security.DEBUG: User was reloaded from a user provider. {"provider":"PrestaShopBundle\\Security\\Admin\\EmployeeProvider","username":"ingabenitez04@gmail.com"} []
[2020-10-30 19:54:35] app.ERROR: Data from PrestaShop Addons is invalid, and cannot fallback on cache.  {"exception":"cURL error 28: Operation timed out after 5000 milliseconds with 415587 bytes received"} []
[2020-10-30 19:54:36] security.DEBUG: Stored the security token in the session. {"key":"_security_main"} []
[2020-10-30 19:54:31] request.INFO: Matched route "admin_module_configure_action". {"route":"admin_module_configure_action","route_parameters":{"_controller":"PrestaShopBundle\\Controller\\Admin\\Improve\\ModuleController::configureModuleAction","_legacy_controller":"AdminModules","module_name":"Welcome2","_route":"admin_module_configure_action"},"request_uri":"http://localhost:8080/prestashop/admin786axrsou/index.php/improve/modules/manage/action/configure/Welcome2?_token=axka3U7xSVLbpCqohYOcnEsbgNGAS8lxmLcEWsEnBPc","method":"GET"} []
[2020-10-30 19:54:36] security.DEBUG: Read existing security token from the session. {"key":"_security_main","token_class":"Symfony\\Component\\Security\\Core\\Authentication\\Token\\UsernamePasswordToken"} []
[2020-10-30 19:54:36] security.DEBUG: User was reloaded from a user provider. {"provider":"PrestaShopBundle\\Security\\Admin\\EmployeeProvider","username":"ingabenitez04@gmail.com"} []
[2020-10-30 19:54:41] app.ERROR: Data from PrestaShop Addons is invalid, and cannot fallback on cache.  {"exception":"cURL error 28: Operation timed out after 5000 milliseconds with 723996 bytes received"} []
[2020-10-30 19:54:41] security.DEBUG: Stored the security token in the session. {"key":"_security_main"} []
[2020-10-30 21:40:04] request.INFO: Matched route "admin_international_translations_show_settings". {"route":"admin_international_translations_show_settings","route_parameters":{"_controller":"PrestaShopBundle\\Controller\\Admin\\TranslationsController::showSettingsAction","_legacy_controller":"AdminTranslations","_legacy_link":"AdminTranslations:settings","_route":"admin_international_translations_show_settings"},"request_uri":"http://localhost:8080/prestashop/admin786axrsou/index.php/improve/international/translations/settings?_token=axka3U7xSVLbpCqohYOcnEsbgNGAS8lxmLcEWsEnBPc","method":"GET"} []
[2020-10-30 21:40:04] security.DEBUG: Read existing security token from the session. {"key":"_security_main","token_class":"Symfony\\Component\\Security\\Core\\Authentication\\Token\\UsernamePasswordToken"} []
[2020-10-30 21:40:04] security.DEBUG: User was reloaded from a user provider. {"provider":"PrestaShopBundle\\Security\\Admin\\EmployeeProvider","username":"ingabenitez04@gmail.com"} []
[2020-10-30 21:40:09] app.ERROR: Data from PrestaShop Addons is invalid, and cannot fallback on cache.  {"exception":"cURL error 28: Operation timed out after 5000 milliseconds with 190028 bytes received"} []
[2020-10-30 21:40:10] security.DEBUG: Stored the security token in the session. {"key":"_security_main"} []
[2020-10-31 10:14:39] request.INFO: Matched route "admin_module_manage". {"route":"admin_module_manage","route_parameters":{"category":null,"keyword":null,"_controller":"PrestaShopBundle\\Controller\\Admin\\Improve\\ModuleController::manageAction","_legacy_controller":"AdminModulesManage","_legacy_link":["AdminModulesManage","AdminModulesSf"],"_route":"admin_module_manage"},"request_uri":"http://localhost:8080/prestashop/admin786axrsou/index.php/improve/modules/manage?_token=ZYX_tTkXnPViMvMuOmc7nYaDqBvCfgQpNjAjVkFkRA0","method":"GET"} []
[2020-10-31 10:14:39] security.DEBUG: Read existing security token from the session. {"key":"_security_main","token_class":"Symfony\\Component\\Security\\Core\\Authentication\\Token\\UsernamePasswordToken"} []
[2020-10-31 10:14:39] security.DEBUG: User was reloaded from a user provider. {"provider":"PrestaShopBundle\\Security\\Admin\\EmployeeProvider","username":"ingabenitez04@gmail.com"} []
[2020-10-31 10:14:45] app.ERROR: Data from PrestaShop Addons is invalid, and cannot fallback on cache.  {"exception":"cURL error 28: Operation timed out after 5000 milliseconds with 251756 bytes received"} []
[2020-10-31 10:14:54] request.INFO: Matched route "admin_module_manage". {"route":"admin_module_manage","route_parameters":{"category":null,"keyword":null,"_controller":"PrestaShopBundle\\Controller\\Admin\\Improve\\ModuleController::manageAction","_legacy_controller":"AdminModulesManage","_legacy_link":["AdminModulesManage","AdminModulesSf"],"_route":"admin_module_manage"},"request_uri":"http://localhost:8080/prestashop/admin786axrsou/index.php/improve/modules/manage?_token=ZYX_tTkXnPViMvMuOmc7nYaDqBvCfgQpNjAjVkFkRA0","method":"GET"} []
[2020-10-31 10:14:54] security.DEBUG: Read existing security token from the session. {"key":"_security_main","token_class":"Symfony\\Component\\Security\\Core\\Authentication\\Token\\UsernamePasswordToken"} []
[2020-10-31 10:14:54] security.DEBUG: User was reloaded from a user provider. {"provider":"PrestaShopBundle\\Security\\Admin\\EmployeeProvider","username":"ingabenitez04@gmail.com"} []
[2020-10-31 10:15:02] app.ERROR: Data from PrestaShop Addons is invalid, and cannot fallback on cache.  {"exception":"cURL error 28: Resolving timed out after 5000 milliseconds"} []
[2020-10-31 10:15:03] security.DEBUG: Stored the security token in the session. {"key":"_security_main"} []
[2020-10-31 10:15:06] request.INFO: Matched route "admin_module_notification_count". {"route":"admin_module_notification_count","route_parameters":{"_controller":"PrestaShopBundle\\Controller\\Admin\\Improve\\Modules\\AlertsController::notificationsCountAction","_legacy_controller":"AdminModulesNotifications","_legacy_link":"AdminModulesNotifications:count","_route":"admin_module_notification_count"},"request_uri":"http://localhost:8080/prestashop/admin786axrsou/index.php/improve/modules/alerts/count?_token=ZYX_tTkXnPViMvMuOmc7nYaDqBvCfgQpNjAjVkFkRA0","method":"GET"} []
[2020-10-31 10:15:06] security.DEBUG: Read existing security token from the session. {"key":"_security_main","token_class":"Symfony\\Component\\Security\\Core\\Authentication\\Token\\UsernamePasswordToken"} []
[2020-10-31 10:15:06] security.DEBUG: User was reloaded from a user provider. {"provider":"PrestaShopBundle\\Security\\Admin\\EmployeeProvider","username":"ingabenitez04@gmail.com"} []
[2020-10-31 10:15:11] app.ERROR: Data from PrestaShop Addons is invalid, and cannot fallback on cache.  {"exception":"cURL error 28: Operation timed out after 5000 milliseconds with 390444 bytes received"} []
[2020-10-31 10:15:11] security.DEBUG: Stored the security token in the session. {"key":"_security_main"} []
[2020-10-31 10:15:57] request.INFO: Matched route "admin_module_catalog_refresh". {"route":"admin_module_catalog_refresh","route_parameters":{"category":null,"keyword":null,"_controller":"PrestaShopBundle\\Controller\\Admin\\Improve\\ModuleController::refreshCatalogAction","_legacy_controller":"AdminModulesCatalog","_legacy_link":"AdminModulesCatalog:refresh","_route":"admin_module_catalog_refresh"},"request_uri":"http://localhost:8080/prestashop/admin786axrsou/index.php/improve/modules/catalog/refresh?_token=ZYX_tTkXnPViMvMuOmc7nYaDqBvCfgQpNjAjVkFkRA0","method":"GET"} []
[2020-10-31 10:15:57] security.DEBUG: Read existing security token from the session. {"key":"_security_main","token_class":"Symfony\\Component\\Security\\Core\\Authentication\\Token\\UsernamePasswordToken"} []
[2020-10-31 10:15:57] security.DEBUG: User was reloaded from a user provider. {"provider":"PrestaShopBundle\\Security\\Admin\\EmployeeProvider","username":"ingabenitez04@gmail.com"} []
[2020-10-31 10:16:03] app.ERROR: Data from PrestaShop Addons is invalid, and cannot fallback on cache.  {"exception":"cURL error 28: Operation timed out after 5000 milliseconds with 528827 bytes received"} []
[2020-10-31 10:16:03] security.DEBUG: Stored the security token in the session. {"key":"_security_main"} []
[2020-10-31 10:16:01] request.INFO: Matched route "admin_module_manage". {"route":"admin_module_manage","route_parameters":{"category":null,"keyword":null,"_controller":"PrestaShopBundle\\Controller\\Admin\\Improve\\ModuleController::manageAction","_legacy_controller":"AdminModulesManage","_legacy_link":["AdminModulesManage","AdminModulesSf"],"_route":"admin_module_manage"},"request_uri":"http://localhost:8080/prestashop/admin786axrsou/index.php/improve/modules/manage?_token=ZYX_tTkXnPViMvMuOmc7nYaDqBvCfgQpNjAjVkFkRA0","method":"GET"} []
[2020-10-31 10:16:03] security.DEBUG: Read existing security token from the session. {"key":"_security_main","token_class":"Symfony\\Component\\Security\\Core\\Authentication\\Token\\UsernamePasswordToken"} []
[2020-10-31 10:16:03] security.DEBUG: User was reloaded from a user provider. {"provider":"PrestaShopBundle\\Security\\Admin\\EmployeeProvider","username":"ingabenitez04@gmail.com"} []
[2020-10-31 10:16:11] app.ERROR: Data from PrestaShop Addons is invalid, and cannot fallback on cache.  {"exception":"cURL error 28: Resolving timed out after 5000 milliseconds"} []
[2020-10-31 10:16:11] security.DEBUG: Stored the security token in the session. {"key":"_security_main"} []
[2020-10-31 10:15:57] request.INFO: Matched route "admin_module_notification_count". {"route":"admin_module_notification_count","route_parameters":{"_controller":"PrestaShopBundle\\Controller\\Admin\\Improve\\Modules\\AlertsController::notificationsCountAction","_legacy_controller":"AdminModulesNotifications","_legacy_link":"AdminModulesNotifications:count","_route":"admin_module_notification_count"},"request_uri":"http://localhost:8080/prestashop/admin786axrsou/index.php/improve/modules/alerts/count?_token=ZYX_tTkXnPViMvMuOmc7nYaDqBvCfgQpNjAjVkFkRA0","method":"GET"} []
[2020-10-31 10:16:11] security.DEBUG: Read existing security token from the session. {"key":"_security_main","token_class":"Symfony\\Component\\Security\\Core\\Authentication\\Token\\UsernamePasswordToken"} []
[2020-10-31 10:16:11] security.DEBUG: User was reloaded from a user provider. {"provider":"PrestaShopBundle\\Security\\Admin\\EmployeeProvider","username":"ingabenitez04@gmail.com"} []
[2020-10-31 10:16:16] app.ERROR: Data from PrestaShop Addons is invalid, and cannot fallback on cache.  {"exception":"cURL error 28: Operation timed out after 5000 milliseconds with 543763 bytes received"} []
[2020-10-31 10:16:16] security.DEBUG: Stored the security token in the session. {"key":"_security_main"} []
[2020-10-31 10:16:12] request.INFO: Matched route "admin_module_notification_count". {"route":"admin_module_notification_count","route_parameters":{"_controller":"PrestaShopBundle\\Controller\\Admin\\Improve\\Modules\\AlertsController::notificationsCountAction","_legacy_controller":"AdminModulesNotifications","_legacy_link":"AdminModulesNotifications:count","_route":"admin_module_notification_count"},"request_uri":"http://localhost:8080/prestashop/admin786axrsou/index.php/improve/modules/alerts/count?_token=ZYX_tTkXnPViMvMuOmc7nYaDqBvCfgQpNjAjVkFkRA0","method":"GET"} []
[2020-10-31 10:16:16] security.DEBUG: Read existing security token from the session. {"key":"_security_main","token_class":"Symfony\\Component\\Security\\Core\\Authentication\\Token\\UsernamePasswordToken"} []
[2020-10-31 10:16:16] security.DEBUG: User was reloaded from a user provider. {"provider":"PrestaShopBundle\\Security\\Admin\\EmployeeProvider","username":"ingabenitez04@gmail.com"} []
[2020-10-31 10:16:33] app.ERROR: Data from PrestaShop Addons is invalid, and cannot fallback on cache.  {"exception":"cURL error 28: Resolving timed out after 5001 milliseconds"} []
[2020-10-31 10:16:33] security.DEBUG: Stored the security token in the session. {"key":"_security_main"} []
[2020-10-31 10:16:17] request.INFO: Matched route "admin_module_notification_count". {"route":"admin_module_notification_count","route_parameters":{"_controller":"PrestaShopBundle\\Controller\\Admin\\Improve\\Modules\\AlertsController::notificationsCountAction","_legacy_controller":"AdminModulesNotifications","_legacy_link":"AdminModulesNotifications:count","_route":"admin_module_notification_count"},"request_uri":"http://localhost:8080/prestashop/admin786axrsou/index.php/improve/modules/alerts/count?_token=ZYX_tTkXnPViMvMuOmc7nYaDqBvCfgQpNjAjVkFkRA0","method":"GET"} []
[2020-10-31 10:16:33] security.DEBUG: Read existing security token from the session. {"key":"_security_main","token_class":"Symfony\\Component\\Security\\Core\\Authentication\\Token\\UsernamePasswordToken"} []
[2020-10-31 10:16:33] security.DEBUG: User was reloaded from a user provider. {"provider":"PrestaShopBundle\\Security\\Admin\\EmployeeProvider","username":"ingabenitez04@gmail.com"} []
[2020-10-31 10:16:38] app.ERROR: Data from PrestaShop Addons is invalid, and cannot fallback on cache.  {"exception":"cURL error 28: Operation timed out after 5000 milliseconds with 72989 bytes received"} []
[2020-10-31 10:16:39] security.DEBUG: Stored the security token in the session. {"key":"_security_main"} []
[2020-10-31 10:16:17] request.INFO: Matched route "admin_module_catalog_refresh". {"route":"admin_module_catalog_refresh","route_parameters":{"category":null,"keyword":null,"_controller":"PrestaShopBundle\\Controller\\Admin\\Improve\\ModuleController::refreshCatalogAction","_legacy_controller":"AdminModulesCatalog","_legacy_link":"AdminModulesCatalog:refresh","_route":"admin_module_catalog_refresh"},"request_uri":"http://localhost:8080/prestashop/admin786axrsou/index.php/improve/modules/catalog/refresh?_token=ZYX_tTkXnPViMvMuOmc7nYaDqBvCfgQpNjAjVkFkRA0","method":"GET"} []
[2020-10-31 10:16:39] security.DEBUG: Read existing security token from the session. {"key":"_security_main","token_class":"Symfony\\Component\\Security\\Core\\Authentication\\Token\\UsernamePasswordToken"} []
[2020-10-31 10:16:39] security.DEBUG: User was reloaded from a user provider. {"provider":"PrestaShopBundle\\Security\\Admin\\EmployeeProvider","username":"ingabenitez04@gmail.com"} []
[2020-10-31 10:16:44] app.ERROR: Data from PrestaShop Addons is invalid, and cannot fallback on cache.  {"exception":"cURL error 28: Operation timed out after 5000 milliseconds with 677731 bytes received"} []
[2020-10-31 10:16:44] security.DEBUG: Stored the security token in the session. {"key":"_security_main"} []
[2020-10-31 10:17:12] request.INFO: Matched route "admin_module_manage". {"route":"admin_module_manage","route_parameters":{"category":null,"keyword":null,"_controller":"PrestaShopBundle\\Controller\\Admin\\Improve\\ModuleController::manageAction","_legacy_controller":"AdminModulesManage","_legacy_link":["AdminModulesManage","AdminModulesSf"],"_route":"admin_module_manage"},"request_uri":"http://localhost:8080/prestashop/admin786axrsou/index.php/improve/modules/manage?_token=ZYX_tTkXnPViMvMuOmc7nYaDqBvCfgQpNjAjVkFkRA0","method":"GET"} []
[2020-10-31 10:17:13] security.DEBUG: Read existing security token from the session. {"key":"_security_main","token_class":"Symfony\\Component\\Security\\Core\\Authentication\\Token\\UsernamePasswordToken"} []
[2020-10-31 10:17:13] security.DEBUG: User was reloaded from a user provider. {"provider":"PrestaShopBundle\\Security\\Admin\\EmployeeProvider","username":"ingabenitez04@gmail.com"} []
[2020-10-31 10:17:18] app.ERROR: Data from PrestaShop Addons is invalid, and cannot fallback on cache.  {"exception":"cURL error 28: Resolving timed out after 5000 milliseconds"} []
[2020-10-31 10:17:18] security.DEBUG: Stored the security token in the session. {"key":"_security_main"} []
[2020-10-31 10:17:16] request.INFO: Matched route "admin_module_manage". {"route":"admin_module_manage","route_parameters":{"category":null,"keyword":null,"_controller":"PrestaShopBundle\\Controller\\Admin\\Improve\\ModuleController::manageAction","_legacy_controller":"AdminModulesManage","_legacy_link":["AdminModulesManage","AdminModulesSf"],"_route":"admin_module_manage"},"request_uri":"http://localhost:8080/prestashop/admin786axrsou/index.php/improve/modules/manage?_token=ZYX_tTkXnPViMvMuOmc7nYaDqBvCfgQpNjAjVkFkRA0","method":"GET"} []
[2020-10-31 10:17:18] security.DEBUG: Read existing security token from the session. {"key":"_security_main","token_class":"Symfony\\Component\\Security\\Core\\Authentication\\Token\\UsernamePasswordToken"} []
[2020-10-31 10:17:18] security.DEBUG: User was reloaded from a user provider. {"provider":"PrestaShopBundle\\Security\\Admin\\EmployeeProvider","username":"ingabenitez04@gmail.com"} []
[2020-10-31 10:17:23] app.ERROR: Data from PrestaShop Addons is invalid, and cannot fallback on cache.  {"exception":"cURL error 28: Resolving timed out after 5000 milliseconds"} []
[2020-10-31 10:17:23] security.DEBUG: Stored the security token in the session. {"key":"_security_main"} []
[2020-10-31 12:38:46] request.INFO: Matched route "admin_module_configure_action". {"route":"admin_module_configure_action","route_parameters":{"_controller":"PrestaShopBundle\\Controller\\Admin\\Improve\\ModuleController::configureModuleAction","_legacy_controller":"AdminModules","module_name":"message_custom","_route":"admin_module_configure_action"},"request_uri":"http://localhost:8080/prestashop/admin786axrsou/index.php/improve/modules/manage/action/configure/message_custom?_token=axR-MZ6Q06Lwa88p8pmADtvG6i9jJC-3VUaLMzBTcQY","method":"GET"} []
[2020-10-31 12:38:46] security.DEBUG: Read existing security token from the session. {"key":"_security_main","token_class":"Symfony\\Component\\Security\\Core\\Authentication\\Token\\UsernamePasswordToken"} []
[2020-10-31 12:38:46] security.DEBUG: User was reloaded from a user provider. {"provider":"PrestaShopBundle\\Security\\Admin\\EmployeeProvider","username":"ingabenitez04@gmail.com"} []
[2020-10-31 12:38:51] app.ERROR: Data from PrestaShop Addons is invalid, and cannot fallback on cache.  {"exception":"cURL error 28: Operation timed out after 5000 milliseconds with 817299 bytes received"} []
[2020-10-31 12:38:52] security.DEBUG: Stored the security token in the session. {"key":"_security_main"} []
[2020-10-31 13:03:22] request.INFO: Matched route "admin_module_manage". {"route":"admin_module_manage","route_parameters":{"category":null,"keyword":null,"_controller":"PrestaShopBundle\\Controller\\Admin\\Improve\\ModuleController::manageAction","_legacy_controller":"AdminModulesManage","_legacy_link":["AdminModulesManage","AdminModulesSf"],"_route":"admin_module_manage"},"request_uri":"http://localhost:8080/prestashop/admin786axrsou/index.php/improve/modules/manage?_token=axR-MZ6Q06Lwa88p8pmADtvG6i9jJC-3VUaLMzBTcQY","method":"GET"} []
[2020-10-31 13:03:22] security.DEBUG: Read existing security token from the session. {"key":"_security_main","token_class":"Symfony\\Component\\Security\\Core\\Authentication\\Token\\UsernamePasswordToken"} []
[2020-10-31 13:03:22] security.DEBUG: User was reloaded from a user provider. {"provider":"PrestaShopBundle\\Security\\Admin\\EmployeeProvider","username":"ingabenitez04@gmail.com"} []
[2020-10-31 13:03:27] app.ERROR: Data from PrestaShop Addons is invalid, and cannot fallback on cache.  {"exception":"cURL error 28: Operation timed out after 5000 milliseconds with 452163 bytes received"} []
[2020-10-31 13:03:27] security.DEBUG: Stored the security token in the session. {"key":"_security_main"} []
[2020-11-01 20:43:19] request.INFO: Matched route "admin_module_manage". {"route":"admin_module_manage","route_parameters":{"category":null,"keyword":null,"_controller":"PrestaShopBundle\\Controller\\Admin\\Improve\\ModuleController::manageAction","_legacy_controller":"AdminModulesManage","_legacy_link":["AdminModulesManage","AdminModulesSf"],"_route":"admin_module_manage"},"request_uri":"http://localhost:8080/prestashop/admin786axrsou/index.php/improve/modules/manage?_token=SljXbdZephB6ArOf_kpndlVoQ5AGNwSftw8zQIFwJx0","method":"GET"} []
[2020-11-01 20:43:31] security.DEBUG: Read existing security token from the session. {"key":"_security_main","token_class":"Symfony\\Component\\Security\\Core\\Authentication\\Token\\UsernamePasswordToken"} []
[2020-11-01 20:43:31] security.DEBUG: User was reloaded from a user provider. {"provider":"PrestaShopBundle\\Security\\Admin\\EmployeeProvider","username":"ingabenitez04@gmail.com"} []
[2020-11-01 20:43:40] app.ERROR: Data from PrestaShop Addons is invalid, and cannot fallback on cache.  {"exception":"cURL error 28: Resolving timed out after 5000 milliseconds"} []
[2020-11-01 20:43:41] security.DEBUG: Stored the security token in the session. {"key":"_security_main"} []
[2020-11-01 20:43:42] request.INFO: Matched route "admin_module_notification_count". {"route":"admin_module_notification_count","route_parameters":{"_controller":"PrestaShopBundle\\Controller\\Admin\\Improve\\Modules\\AlertsController::notificationsCountAction","_legacy_controller":"AdminModulesNotifications","_legacy_link":"AdminModulesNotifications:count","_route":"admin_module_notification_count"},"request_uri":"http://localhost:8080/prestashop/admin786axrsou/index.php/improve/modules/alerts/count?_token=SljXbdZephB6ArOf_kpndlVoQ5AGNwSftw8zQIFwJx0","method":"GET"} []
[2020-11-01 20:43:42] security.DEBUG: Read existing security token from the session. {"key":"_security_main","token_class":"Symfony\\Component\\Security\\Core\\Authentication\\Token\\UsernamePasswordToken"} []
[2020-11-01 20:43:42] security.DEBUG: User was reloaded from a user provider. {"provider":"PrestaShopBundle\\Security\\Admin\\EmployeeProvider","username":"ingabenitez04@gmail.com"} []
[2020-11-01 20:43:50] app.ERROR: Data from PrestaShop Addons is invalid, and cannot fallback on cache.  {"exception":"cURL error 28: Resolving timed out after 5000 milliseconds"} []
[2020-11-01 20:43:50] security.DEBUG: Stored the security token in the session. {"key":"_security_main"} []
